Determining if the pthread_create exist failed with the following output:
Change Dir: /home/tomas/Dropbox/UNIVERSIDADE/5Ano/VC/CV1617-68779-68129.git/aula10/traffic-sign-detection-master/build/CMakeFiles/CMakeTmp

Run Build Command:"/usr/bin/make" "cmTC_9926e/fast"
/usr/bin/make -f CMakeFiles/cmTC_9926e.dir/build.make CMakeFiles/cmTC_9926e.dir/build
make[1]: Entering directory '/home/tomas/Dropbox/UNIVERSIDADE/5Ano/VC/CV1617-68779-68129.git/aula10/traffic-sign-detection-master/build/CMakeFiles/CMakeTmp'
Building C object CMakeFiles/cmTC_9926e.dir/CheckSymbolExists.c.o
/usr/bin/cc     -o CMakeFiles/cmTC_9926e.dir/CheckSymbolExists.c.o   -c /home/tomas/Dropbox/UNIVERSIDADE/5Ano/VC/CV1617-68779-68129.git/aula10/traffic-sign-detection-master/build/CMakeFiles/CMakeTmp/CheckSymbolExists.c
Linking C executable cmTC_9926e
/usr/bin/cmake -E cmake_link_script CMakeFiles/cmTC_9926e.dir/link.txt --verbose=1
/usr/bin/cc       CMakeFiles/cmTC_9926e.dir/CheckSymbolExists.c.o  -o cmTC_9926e -rdynamic 
CMakeFiles/cmTC_9926e.dir/CheckSymbolExists.c.o: na função `main':
CheckSymbolExists.c:(.text+0x16): referência indefinida a `pthread_create'
collect2: error: ld returned 1 exit status
CMakeFiles/cmTC_9926e.dir/build.make:97: recipe for target 'cmTC_9926e' failed
make[1]: *** [cmTC_9926e] Error 1
make[1]: Leaving directory '/home/tomas/Dropbox/UNIVERSIDADE/5Ano/VC/CV1617-68779-68129.git/aula10/traffic-sign-detection-master/build/CMakeFiles/CMakeTmp'
Makefile:126: recipe for target 'cmTC_9926e/fast' failed
make: *** [cmTC_9926e/fast] Error 2

File /home/tomas/Dropbox/UNIVERSIDADE/5Ano/VC/CV1617-68779-68129.git/aula10/traffic-sign-detection-master/build/CMakeFiles/CMakeTmp/CheckSymbolExists.c:
/* */
#include <pthread.h>

int main(int argc, char** argv)
{
  (void)argv;
#ifndef pthread_create
  return ((int*)(&pthread_create))[argc];
#else
  (void)argc;
  return 0;
#endif
}

Determining if the function pthread_create exists in the pthreads failed with the following output:
Change Dir: /home/tomas/Dropbox/UNIVERSIDADE/5Ano/VC/CV1617-68779-68129.git/aula10/traffic-sign-detection-master/build/CMakeFiles/CMakeTmp

Run Build Command:"/usr/bin/make" "cmTC_91dbe/fast"
/usr/bin/make -f CMakeFiles/cmTC_91dbe.dir/build.make CMakeFiles/cmTC_91dbe.dir/build
make[1]: Entering directory '/home/tomas/Dropbox/UNIVERSIDADE/5Ano/VC/CV1617-68779-68129.git/aula10/traffic-sign-detection-master/build/CMakeFiles/CMakeTmp'
Building C object CMakeFiles/cmTC_91dbe.dir/CheckFunctionExists.c.o
/usr/bin/cc    -DCHECK_FUNCTION_EXISTS=pthread_create   -o CMakeFiles/cmTC_91dbe.dir/CheckFunctionExists.c.o   -c /usr/share/cmake-3.5/Modules/CheckFunctionExists.c
Linking C executable cmTC_91dbe
/usr/bin/cmake -E cmake_link_script CMakeFiles/cmTC_91dbe.dir/link.txt --verbose=1
/usr/bin/cc   -DCHECK_FUNCTION_EXISTS=pthread_create    CMakeFiles/cmTC_91dbe.dir/CheckFunctionExists.c.o  -o cmTC_91dbe -rdynamic -lpthreads 
/usr/bin/ld: não foi possível encontrar -lpthreads
collect2: error: ld returned 1 exit status
CMakeFiles/cmTC_91dbe.dir/build.make:97: recipe for target 'cmTC_91dbe' failed
make[1]: *** [cmTC_91dbe] Error 1
make[1]: Leaving directory '/home/tomas/Dropbox/UNIVERSIDADE/5Ano/VC/CV1617-68779-68129.git/aula10/traffic-sign-detection-master/build/CMakeFiles/CMakeTmp'
Makefile:126: recipe for target 'cmTC_91dbe/fast' failed
make: *** [cmTC_91dbe/fast] Error 2


